2024-12-25 01:52:26,192 CRIT Supervisor is running as root.  Privileges were not dropped because no user is specified in the config file.  If you intend to run as root, you can set user=root in the config file to avoid this message.
2024-12-25 01:52:26,192 INFO Included extra file "/etc/supervisor/conf.d/supervisord.conf" during parsing
2024-12-25 01:52:26,194 INFO RPC interface 'supervisor' initialized
2024-12-25 01:52:26,194 CRIT Server 'unix_http_server' running without any HTTP authentication checking
2024-12-25 01:52:26,194 INFO supervisord started with pid 1
2024-12-25 01:52:27,196 INFO spawnerr: can't find command 'php'
2024-12-25 01:52:27,197 INFO spawnerr: can't find command 'php'
2024-12-25 01:52:27,197 INFO spawnerr: can't find command 'php'
2024-12-25 01:52:27,198 INFO spawnerr: can't find command 'php'
2024-12-25 01:52:27,198 INFO spawnerr: can't find command 'php-fpm'
2024-12-25 01:52:28,200 INFO spawnerr: can't find command 'php'
2024-12-25 01:52:28,200 INFO spawnerr: can't find command 'php'
2024-12-25 01:52:28,201 INFO spawnerr: can't find command 'php'
2024-12-25 01:52:28,201 INFO spawnerr: can't find command 'php'
2024-12-25 01:52:28,201 INFO spawnerr: can't find command 'php-fpm'
2024-12-25 01:52:30,203 INFO spawnerr: can't find command 'php'
2024-12-25 01:52:30,204 INFO spawnerr: can't find command 'php'
2024-12-25 01:52:30,204 INFO spawnerr: can't find command 'php'
2024-12-25 01:52:30,205 INFO spawnerr: can't find command 'php'
2024-12-25 01:52:30,205 INFO spawnerr: can't find command 'php-fpm'
2024-12-25 01:52:33,208 INFO spawnerr: can't find command 'php'
2024-12-25 01:52:33,209 INFO gave up: laravel-worker_00 entered FATAL state, too many start retries too quickly
2024-12-25 01:52:33,209 INFO spawnerr: can't find command 'php'
2024-12-25 01:52:33,209 INFO gave up: laravel-worker_01 entered FATAL state, too many start retries too quickly
2024-12-25 01:52:33,210 INFO spawnerr: can't find command 'php'
2024-12-25 01:52:33,210 INFO gave up: laravel-worker_02 entered FATAL state, too many start retries too quickly
2024-12-25 01:52:33,210 INFO spawnerr: can't find command 'php'
2024-12-25 01:52:33,210 INFO gave up: laravel-worker_03 entered FATAL state, too many start retries too quickly
2024-12-25 01:52:33,211 INFO spawnerr: can't find command 'php-fpm'
2024-12-25 01:52:33,211 INFO gave up: php-fpm_00 entered FATAL state, too many start retries too quickly
2024-12-25 02:06:41,864 CRIT Supervisor is running as root.  Privileges were not dropped because no user is specified in the config file.  If you intend to run as root, you can set user=root in the config file to avoid this message.
2024-12-25 02:06:41,864 INFO Included extra file "/etc/supervisor/conf.d/supervisord.conf" during parsing
2024-12-25 02:06:41,866 INFO RPC interface 'supervisor' initialized
2024-12-25 02:06:41,866 CRIT Server 'unix_http_server' running without any HTTP authentication checking
2024-12-25 02:06:41,866 INFO supervisord started with pid 1
2024-12-25 02:06:42,869 INFO spawned: 'laravel-worker_00' with pid 7
2024-12-25 02:06:42,872 INFO spawned: 'laravel-worker_01' with pid 8
2024-12-25 02:06:42,876 INFO spawned: 'laravel-worker_02' with pid 9
2024-12-25 02:06:42,879 INFO spawned: 'laravel-worker_03' with pid 10
2024-12-25 02:06:42,882 INFO spawned: 'php-fpm_00' with pid 11
2024-12-25 02:06:42,926 WARN exited: laravel-worker_01 (exit status 255; not expected)
2024-12-25 02:06:42,926 WARN exited: laravel-worker_02 (exit status 255; not expected)
2024-12-25 02:06:42,928 WARN exited: laravel-worker_00 (exit status 255; not expected)
2024-12-25 02:06:42,933 WARN exited: laravel-worker_03 (exit status 255; not expected)
2024-12-25 02:06:43,942 INFO spawned: 'laravel-worker_00' with pid 14
2024-12-25 02:06:43,945 INFO spawned: 'laravel-worker_01' with pid 15
2024-12-25 02:06:43,947 INFO spawned: 'laravel-worker_02' with pid 16
2024-12-25 02:06:43,948 INFO spawned: 'laravel-worker_03' with pid 17
2024-12-25 02:06:43,948 INFO success: php-fpm_00 entered RUNNING state, process has stayed up for > than 1 seconds (startsecs)
2024-12-25 02:06:43,958 WARN exited: laravel-worker_00 (exit status 255; not expected)
2024-12-25 02:06:43,958 WARN exited: laravel-worker_01 (exit status 255; not expected)
2024-12-25 02:06:43,963 WARN exited: laravel-worker_02 (exit status 255; not expected)
2024-12-25 02:06:43,963 WARN exited: laravel-worker_03 (exit status 255; not expected)
2024-12-25 02:06:45,969 INFO spawned: 'laravel-worker_00' with pid 18
2024-12-25 02:06:45,973 INFO spawned: 'laravel-worker_01' with pid 19
2024-12-25 02:06:45,974 INFO spawned: 'laravel-worker_02' with pid 20
2024-12-25 02:06:45,975 INFO spawned: 'laravel-worker_03' with pid 21
2024-12-25 02:06:45,987 WARN exited: laravel-worker_03 (exit status 255; not expected)
2024-12-25 02:06:45,989 WARN exited: laravel-worker_01 (exit status 255; not expected)
2024-12-25 02:06:45,990 WARN exited: laravel-worker_00 (exit status 255; not expected)
2024-12-25 02:06:45,994 WARN exited: laravel-worker_02 (exit status 255; not expected)
2024-12-25 02:06:49,000 INFO spawned: 'laravel-worker_00' with pid 22
2024-12-25 02:06:49,003 INFO spawned: 'laravel-worker_01' with pid 23
2024-12-25 02:06:49,004 INFO spawned: 'laravel-worker_02' with pid 24
2024-12-25 02:06:49,005 INFO spawned: 'laravel-worker_03' with pid 25
2024-12-25 02:06:49,017 WARN exited: laravel-worker_00 (exit status 255; not expected)
2024-12-25 02:06:49,017 WARN exited: laravel-worker_01 (exit status 255; not expected)
2024-12-25 02:06:49,017 WARN exited: laravel-worker_02 (exit status 255; not expected)
2024-12-25 02:06:49,017 WARN exited: laravel-worker_03 (exit status 255; not expected)
2024-12-25 02:06:49,017 INFO gave up: laravel-worker_00 entered FATAL state, too many start retries too quickly
2024-12-25 02:06:49,017 INFO gave up: laravel-worker_01 entered FATAL state, too many start retries too quickly
2024-12-25 02:06:49,017 INFO gave up: laravel-worker_02 entered FATAL state, too many start retries too quickly
2024-12-25 02:06:49,017 INFO gave up: laravel-worker_03 entered FATAL state, too many start retries too quickly
2024-12-25 02:15:28,703 CRIT Supervisor is running as root.  Privileges were not dropped because no user is specified in the config file.  If you intend to run as root, you can set user=root in the config file to avoid this message.
2024-12-25 02:15:28,703 INFO Included extra file "/etc/supervisor/conf.d/supervisord.conf" during parsing
2024-12-25 02:15:28,705 INFO RPC interface 'supervisor' initialized
2024-12-25 02:15:28,705 CRIT Server 'unix_http_server' running without any HTTP authentication checking
2024-12-25 02:15:28,705 INFO supervisord started with pid 1
2024-12-25 02:15:29,708 INFO spawned: 'laravel-worker_00' with pid 7
2024-12-25 02:15:29,709 INFO spawned: 'laravel-worker_01' with pid 8
2024-12-25 02:15:29,710 INFO spawned: 'laravel-worker_02' with pid 9
2024-12-25 02:15:29,711 INFO spawned: 'laravel-worker_03' with pid 10
2024-12-25 02:15:29,712 INFO spawned: 'php-fpm_00' with pid 11
2024-12-25 02:15:29,724 WARN exited: laravel-worker_03 (exit status 255; not expected)
2024-12-25 02:15:29,724 WARN exited: laravel-worker_02 (exit status 255; not expected)
2024-12-25 02:15:29,728 WARN exited: laravel-worker_00 (exit status 255; not expected)
2024-12-25 02:15:29,728 WARN exited: laravel-worker_01 (exit status 255; not expected)
2024-12-25 02:15:30,738 INFO spawned: 'laravel-worker_00' with pid 14
2024-12-25 02:15:30,739 INFO spawned: 'laravel-worker_01' with pid 15
2024-12-25 02:15:30,740 INFO spawned: 'laravel-worker_02' with pid 16
2024-12-25 02:15:30,742 INFO spawned: 'laravel-worker_03' with pid 17
2024-12-25 02:15:30,742 INFO success: php-fpm_00 entered RUNNING state, process has stayed up for > than 1 seconds (startsecs)
2024-12-25 02:15:30,753 WARN exited: laravel-worker_02 (exit status 255; not expected)
2024-12-25 02:15:30,753 WARN exited: laravel-worker_03 (exit status 255; not expected)
2024-12-25 02:15:30,756 WARN exited: laravel-worker_00 (exit status 255; not expected)
2024-12-25 02:15:30,757 WARN exited: laravel-worker_01 (exit status 255; not expected)
2024-12-25 02:15:32,762 INFO spawned: 'laravel-worker_00' with pid 18
2024-12-25 02:15:32,765 INFO spawned: 'laravel-worker_01' with pid 19
2024-12-25 02:15:32,768 INFO spawned: 'laravel-worker_02' with pid 20
2024-12-25 02:15:32,769 INFO spawned: 'laravel-worker_03' with pid 21
2024-12-25 02:15:32,787 WARN exited: laravel-worker_00 (exit status 255; not expected)
2024-12-25 02:15:32,790 WARN exited: laravel-worker_01 (exit status 255; not expected)
2024-12-25 02:15:32,790 WARN exited: laravel-worker_03 (exit status 255; not expected)
2024-12-25 02:15:32,793 WARN exited: laravel-worker_02 (exit status 255; not expected)
2024-12-25 02:15:35,798 INFO spawned: 'laravel-worker_00' with pid 22
2024-12-25 02:15:35,800 INFO spawned: 'laravel-worker_01' with pid 23
2024-12-25 02:15:35,804 INFO spawned: 'laravel-worker_02' with pid 24
2024-12-25 02:15:35,808 INFO spawned: 'laravel-worker_03' with pid 25
2024-12-25 02:15:35,832 WARN exited: laravel-worker_00 (exit status 255; not expected)
2024-12-25 02:15:35,833 INFO gave up: laravel-worker_00 entered FATAL state, too many start retries too quickly
2024-12-25 02:15:35,836 WARN exited: laravel-worker_02 (exit status 255; not expected)
2024-12-25 02:15:35,837 INFO gave up: laravel-worker_02 entered FATAL state, too many start retries too quickly
2024-12-25 02:15:35,837 WARN exited: laravel-worker_01 (exit status 255; not expected)
2024-12-25 02:15:35,839 INFO gave up: laravel-worker_01 entered FATAL state, too many start retries too quickly
2024-12-25 02:15:35,841 WARN exited: laravel-worker_03 (exit status 255; not expected)
2024-12-25 02:15:36,841 INFO gave up: laravel-worker_03 entered FATAL state, too many start retries too quickly
2024-12-25 02:16:52,928 INFO reaped unknown pid 188 (exit status 0)
2024-12-25 02:29:43,748 WARN received SIGQUIT indicating exit request
2024-12-25 02:29:43,748 INFO waiting for php-fpm_00 to die
2024-12-25 02:29:43,752 INFO stopped: php-fpm_00 (exit status 0)
2024-12-25 02:30:30,779 CRIT Supervisor is running as root.  Privileges were not dropped because no user is specified in the config file.  If you intend to run as root, you can set user=root in the config file to avoid this message.
2024-12-25 02:30:30,779 INFO Included extra file "/etc/supervisor/conf.d/supervisord.conf" during parsing
2024-12-25 02:30:30,784 INFO RPC interface 'supervisor' initialized
2024-12-25 02:30:30,784 CRIT Server 'unix_http_server' running without any HTTP authentication checking
2024-12-25 02:30:30,784 INFO supervisord started with pid 1
2024-12-25 02:30:31,788 INFO spawned: 'laravel-worker_00' with pid 7
2024-12-25 02:30:31,791 INFO spawned: 'laravel-worker_01' with pid 8
2024-12-25 02:30:31,794 INFO spawned: 'laravel-worker_02' with pid 9
2024-12-25 02:30:31,797 INFO spawned: 'laravel-worker_03' with pid 10
2024-12-25 02:30:31,800 INFO spawned: 'php-fpm_00' with pid 11
2024-12-25 02:30:32,874 INFO success: laravel-worker_00 entered RUNNING state, process has stayed up for > than 1 seconds (startsecs)
2024-12-25 02:30:32,874 INFO success: laravel-worker_01 entered RUNNING state, process has stayed up for > than 1 seconds (startsecs)
2024-12-25 02:30:32,875 INFO success: laravel-worker_02 entered RUNNING state, process has stayed up for > than 1 seconds (startsecs)
2024-12-25 02:30:32,875 INFO success: laravel-worker_03 entered RUNNING state, process has stayed up for > than 1 seconds (startsecs)
2024-12-25 02:30:32,875 INFO success: php-fpm_00 entered RUNNING state, process has stayed up for > than 1 seconds (startsecs)
2024-12-27 23:47:52,721 CRIT Supervisor is running as root.  Privileges were not dropped because no user is specified in the config file.  If you intend to run as root, you can set user=root in the config file to avoid this message.
2024-12-27 23:47:52,721 INFO Included extra file "/etc/supervisor/conf.d/supervisord.conf" during parsing
2024-12-27 23:47:52,725 INFO RPC interface 'supervisor' initialized
2024-12-27 23:47:52,725 CRIT Server 'unix_http_server' running without any HTTP authentication checking
2024-12-27 23:47:52,725 INFO supervisord started with pid 1
2024-12-27 23:47:53,732 INFO spawned: 'laravel-worker_00' with pid 7
2024-12-27 23:47:53,734 INFO spawned: 'laravel-worker_01' with pid 8
2024-12-27 23:47:53,736 INFO spawned: 'laravel-worker_02' with pid 9
2024-12-27 23:47:53,737 INFO spawned: 'laravel-worker_03' with pid 10
2024-12-27 23:47:53,738 INFO spawned: 'php-fpm_00' with pid 11
2024-12-27 23:47:54,879 INFO success: laravel-worker_00 entered RUNNING state, process has stayed up for > than 1 seconds (startsecs)
2024-12-27 23:47:54,879 INFO success: laravel-worker_01 entered RUNNING state, process has stayed up for > than 1 seconds (startsecs)
2024-12-27 23:47:54,879 INFO success: laravel-worker_02 entered RUNNING state, process has stayed up for > than 1 seconds (startsecs)
2024-12-27 23:47:54,879 INFO success: laravel-worker_03 entered RUNNING state, process has stayed up for > than 1 seconds (startsecs)
2024-12-27 23:47:54,879 INFO success: php-fpm_00 entered RUNNING state, process has stayed up for > than 1 seconds (startsecs)
2024-12-27 23:52:31,347 CRIT Supervisor is running as root.  Privileges were not dropped because no user is specified in the config file.  If you intend to run as root, you can set user=root in the config file to avoid this message.
2024-12-27 23:52:31,347 INFO Included extra file "/etc/supervisor/conf.d/supervisord.conf" during parsing
2024-12-27 23:52:31,349 INFO RPC interface 'supervisor' initialized
2024-12-27 23:52:31,349 CRIT Server 'unix_http_server' running without any HTTP authentication checking
2024-12-27 23:52:31,349 INFO supervisord started with pid 1
2024-12-27 23:52:32,351 INFO spawned: 'laravel-worker_00' with pid 7
2024-12-27 23:52:32,352 INFO spawned: 'laravel-worker_01' with pid 8
2024-12-27 23:52:32,354 INFO spawned: 'laravel-worker_02' with pid 9
2024-12-27 23:52:32,355 INFO spawned: 'laravel-worker_03' with pid 10
2024-12-27 23:52:32,356 INFO spawned: 'php-fpm_00' with pid 11
2024-12-27 23:52:33,377 INFO success: laravel-worker_00 entered RUNNING state, process has stayed up for > than 1 seconds (startsecs)
2024-12-27 23:52:33,377 INFO success: laravel-worker_01 entered RUNNING state, process has stayed up for > than 1 seconds (startsecs)
2024-12-27 23:52:33,377 INFO success: laravel-worker_02 entered RUNNING state, process has stayed up for > than 1 seconds (startsecs)
2024-12-27 23:52:33,377 INFO success: laravel-worker_03 entered RUNNING state, process has stayed up for > than 1 seconds (startsecs)
2024-12-27 23:52:33,377 INFO success: php-fpm_00 entered RUNNING state, process has stayed up for > than 1 seconds (startsecs)
2024-12-28 00:23:39,734 CRIT Supervisor is running as root.  Privileges were not dropped because no user is specified in the config file.  If you intend to run as root, you can set user=root in the config file to avoid this message.
2024-12-28 00:23:39,735 INFO Included extra file "/etc/supervisor/conf.d/supervisord.conf" during parsing
2024-12-28 00:23:39,737 INFO RPC interface 'supervisor' initialized
2024-12-28 00:23:39,737 CRIT Server 'unix_http_server' running without any HTTP authentication checking
2024-12-28 00:23:39,737 INFO supervisord started with pid 1
2024-12-28 00:23:40,739 INFO spawned: 'laravel-worker_00' with pid 7
2024-12-28 00:23:40,740 INFO spawned: 'laravel-worker_01' with pid 8
2024-12-28 00:23:40,742 INFO spawned: 'laravel-worker_02' with pid 9
2024-12-28 00:23:40,743 INFO spawned: 'laravel-worker_03' with pid 10
2024-12-28 00:23:40,744 INFO spawned: 'php-fpm_00' with pid 11
2024-12-28 00:23:41,767 INFO success: laravel-worker_00 entered RUNNING state, process has stayed up for > than 1 seconds (startsecs)
2024-12-28 00:23:41,768 INFO success: laravel-worker_01 entered RUNNING state, process has stayed up for > than 1 seconds (startsecs)
2024-12-28 00:23:41,768 INFO success: laravel-worker_02 entered RUNNING state, process has stayed up for > than 1 seconds (startsecs)
2024-12-28 00:23:41,768 INFO success: laravel-worker_03 entered RUNNING state, process has stayed up for > than 1 seconds (startsecs)
2024-12-28 00:23:41,768 INFO success: php-fpm_00 entered RUNNING state, process has stayed up for > than 1 seconds (startsecs)
2024-12-28 00:29:19,830 CRIT Supervisor is running as root.  Privileges were not dropped because no user is specified in the config file.  If you intend to run as root, you can set user=root in the config file to avoid this message.
2024-12-28 00:29:19,830 INFO Included extra file "/etc/supervisor/conf.d/supervisord.conf" during parsing
2024-12-28 00:29:19,832 INFO RPC interface 'supervisor' initialized
2024-12-28 00:29:19,832 CRIT Server 'unix_http_server' running without any HTTP authentication checking
2024-12-28 00:29:19,832 INFO supervisord started with pid 1
2024-12-28 00:29:20,834 INFO spawned: 'laravel-worker_00' with pid 7
2024-12-28 00:29:20,836 INFO spawned: 'laravel-worker_01' with pid 8
2024-12-28 00:29:20,837 INFO spawned: 'laravel-worker_02' with pid 9
2024-12-28 00:29:20,839 INFO spawned: 'laravel-worker_03' with pid 10
2024-12-28 00:29:20,840 INFO spawned: 'php-fpm_00' with pid 11
2024-12-28 00:29:21,866 INFO success: laravel-worker_00 entered RUNNING state, process has stayed up for > than 1 seconds (startsecs)
2024-12-28 00:29:21,866 INFO success: laravel-worker_01 entered RUNNING state, process has stayed up for > than 1 seconds (startsecs)
2024-12-28 00:29:21,866 INFO success: laravel-worker_02 entered RUNNING state, process has stayed up for > than 1 seconds (startsecs)
2024-12-28 00:29:21,866 INFO success: laravel-worker_03 entered RUNNING state, process has stayed up for > than 1 seconds (startsecs)
2024-12-28 00:29:21,866 INFO success: php-fpm_00 entered RUNNING state, process has stayed up for > than 1 seconds (startsecs)
2024-12-28 00:32:23,591 CRIT Supervisor is running as root.  Privileges were not dropped because no user is specified in the config file.  If you intend to run as root, you can set user=root in the config file to avoid this message.
2024-12-28 00:32:23,591 INFO Included extra file "/etc/supervisor/conf.d/supervisord.conf" during parsing
2024-12-28 00:32:23,593 INFO RPC interface 'supervisor' initialized
2024-12-28 00:32:23,593 CRIT Server 'unix_http_server' running without any HTTP authentication checking
2024-12-28 00:32:23,593 INFO supervisord started with pid 1
2024-12-28 00:32:24,595 INFO spawned: 'laravel-worker_00' with pid 7
2024-12-28 00:32:24,597 INFO spawned: 'laravel-worker_01' with pid 8
2024-12-28 00:32:24,598 INFO spawned: 'laravel-worker_02' with pid 9
2024-12-28 00:32:24,600 INFO spawned: 'laravel-worker_03' with pid 10
2024-12-28 00:32:24,601 INFO spawned: 'php-fpm_00' with pid 11
2024-12-28 00:32:25,635 INFO success: laravel-worker_00 entered RUNNING state, process has stayed up for > than 1 seconds (startsecs)
2024-12-28 00:32:25,635 INFO success: laravel-worker_01 entered RUNNING state, process has stayed up for > than 1 seconds (startsecs)
2024-12-28 00:32:25,635 INFO success: laravel-worker_02 entered RUNNING state, process has stayed up for > than 1 seconds (startsecs)
2024-12-28 00:32:25,635 INFO success: laravel-worker_03 entered RUNNING state, process has stayed up for > than 1 seconds (startsecs)
2024-12-28 00:32:25,636 INFO success: php-fpm_00 entered RUNNING state, process has stayed up for > than 1 seconds (startsecs)
2024-12-28 01:32:26,502 INFO exited: laravel-worker_01 (exit status 0; expected)
2024-12-28 01:32:26,502 INFO exited: laravel-worker_02 (exit status 0; expected)
2024-12-28 01:32:26,502 INFO exited: laravel-worker_03 (exit status 0; expected)
2024-12-28 01:32:26,503 INFO spawned: 'laravel-worker_01' with pid 38
2024-12-28 01:32:26,505 INFO spawned: 'laravel-worker_02' with pid 39
2024-12-28 01:32:26,506 INFO spawned: 'laravel-worker_03' with pid 40
2024-12-28 01:32:26,506 INFO exited: laravel-worker_00 (exit status 0; expected)
2024-12-28 01:32:26,507 INFO spawned: 'laravel-worker_00' with pid 41
2024-12-28 01:32:27,509 INFO success: laravel-worker_00 entered RUNNING state, process has stayed up for > than 1 seconds (startsecs)
2024-12-28 01:32:27,509 INFO success: laravel-worker_01 entered RUNNING state, process has stayed up for > than 1 seconds (startsecs)
2024-12-28 01:32:27,509 INFO success: laravel-worker_02 entered RUNNING state, process has stayed up for > than 1 seconds (startsecs)
2024-12-28 01:32:27,510 INFO success: laravel-worker_03 entered RUNNING state, process has stayed up for > than 1 seconds (startsecs)
2024-12-28 01:40:52,055 WARN received SIGQUIT indicating exit request
2024-12-28 01:40:52,055 INFO waiting for laravel-worker_00, laravel-worker_01, laravel-worker_02, laravel-worker_03, php-fpm_00 to die
2024-12-28 01:40:52,060 INFO stopped: php-fpm_00 (exit status 0)
2024-12-28 01:40:52,066 INFO stopped: laravel-worker_02 (exit status 0)
2024-12-28 01:40:52,066 INFO stopped: laravel-worker_03 (exit status 0)
2024-12-28 01:40:52,068 INFO stopped: laravel-worker_00 (exit status 0)
2024-12-28 01:40:52,068 INFO stopped: laravel-worker_01 (exit status 0)
2024-12-28 23:06:24,690 CRIT Supervisor is running as root.  Privileges were not dropped because no user is specified in the config file.  If you intend to run as root, you can set user=root in the config file to avoid this message.
2024-12-28 23:06:24,690 INFO Included extra file "/etc/supervisor/conf.d/supervisord.conf" during parsing
2024-12-28 23:06:24,695 INFO RPC interface 'supervisor' initialized
2024-12-28 23:06:24,695 CRIT Server 'unix_http_server' running without any HTTP authentication checking
2024-12-28 23:06:24,695 INFO supervisord started with pid 1
2024-12-28 23:06:25,699 INFO spawned: 'laravel-worker_00' with pid 7
2024-12-28 23:06:25,700 INFO spawned: 'laravel-worker_01' with pid 8
2024-12-28 23:06:25,701 INFO spawned: 'laravel-worker_02' with pid 9
2024-12-28 23:06:25,703 INFO spawned: 'laravel-worker_03' with pid 10
2024-12-28 23:06:25,704 INFO spawned: 'php-fpm_00' with pid 11
2024-12-28 23:06:26,818 INFO success: laravel-worker_00 entered RUNNING state, process has stayed up for > than 1 seconds (startsecs)
2024-12-28 23:06:26,818 INFO success: laravel-worker_01 entered RUNNING state, process has stayed up for > than 1 seconds (startsecs)
2024-12-28 23:06:26,818 INFO success: laravel-worker_02 entered RUNNING state, process has stayed up for > than 1 seconds (startsecs)
2024-12-28 23:06:26,818 INFO success: laravel-worker_03 entered RUNNING state, process has stayed up for > than 1 seconds (startsecs)
2024-12-28 23:06:26,818 INFO success: php-fpm_00 entered RUNNING state, process has stayed up for > than 1 seconds (startsecs)
2024-12-29 00:06:28,013 INFO exited: laravel-worker_01 (exit status 0; expected)
2024-12-29 00:06:28,013 INFO exited: laravel-worker_00 (exit status 0; expected)
2024-12-29 00:06:28,013 INFO exited: laravel-worker_02 (exit status 0; expected)
2024-12-29 00:06:28,013 INFO exited: laravel-worker_03 (exit status 0; expected)
2024-12-29 00:06:28,017 INFO spawned: 'laravel-worker_00' with pid 38
2024-12-29 00:06:28,019 INFO spawned: 'laravel-worker_01' with pid 39
2024-12-29 00:06:28,023 INFO spawned: 'laravel-worker_02' with pid 40
2024-12-29 00:06:28,027 INFO spawned: 'laravel-worker_03' with pid 41
2024-12-29 00:06:29,030 INFO success: laravel-worker_00 entered RUNNING state, process has stayed up for > than 1 seconds (startsecs)
2024-12-29 00:06:29,030 INFO success: laravel-worker_01 entered RUNNING state, process has stayed up for > than 1 seconds (startsecs)
2024-12-29 00:06:29,030 INFO success: laravel-worker_02 entered RUNNING state, process has stayed up for > than 1 seconds (startsecs)
2024-12-29 00:06:29,030 INFO success: laravel-worker_03 entered RUNNING state, process has stayed up for > than 1 seconds (startsecs)
2024-12-29 01:06:29,858 INFO exited: laravel-worker_03 (exit status 0; expected)
2024-12-29 01:06:29,859 INFO spawned: 'laravel-worker_03' with pid 68
2024-12-29 01:06:29,859 INFO exited: laravel-worker_02 (exit status 0; expected)
2024-12-29 01:06:30,383 INFO spawned: 'laravel-worker_02' with pid 75
2024-12-29 01:06:30,384 INFO exited: laravel-worker_00 (exit status 0; expected)
2024-12-29 01:06:30,484 INFO spawned: 'laravel-worker_00' with pid 82
2024-12-29 01:06:30,485 INFO exited: laravel-worker_01 (exit status 0; expected)
2024-12-29 01:06:31,485 INFO success: laravel-worker_00 entered RUNNING state, process has stayed up for > than 1 seconds (startsecs)
2024-12-29 01:06:31,486 INFO spawned: 'laravel-worker_01' with pid 89
2024-12-29 01:06:31,486 INFO success: laravel-worker_02 entered RUNNING state, process has stayed up for > than 1 seconds (startsecs)
2024-12-29 01:06:31,486 INFO success: laravel-worker_03 entered RUNNING state, process has stayed up for > than 1 seconds (startsecs)
2024-12-29 01:06:32,488 INFO success: laravel-worker_01 entered RUNNING state, process has stayed up for > than 1 seconds (startsecs)
2024-12-29 02:06:31,686 INFO exited: laravel-worker_03 (exit status 0; expected)
2024-12-29 02:06:32,248 INFO spawned: 'laravel-worker_03' with pid 96
2024-12-29 02:06:32,249 INFO exited: laravel-worker_02 (exit status 0; expected)
2024-12-29 02:06:32,333 INFO spawned: 'laravel-worker_02' with pid 103
2024-12-29 02:06:32,334 INFO exited: laravel-worker_00 (exit status 0; expected)
2024-12-29 02:06:33,338 INFO spawned: 'laravel-worker_00' with pid 110
2024-12-29 02:06:33,339 INFO success: laravel-worker_02 entered RUNNING state, process has stayed up for > than 1 seconds (startsecs)
2024-12-29 02:06:33,339 INFO success: laravel-worker_03 entered RUNNING state, process has stayed up for > than 1 seconds (startsecs)
2024-12-29 02:06:33,361 INFO exited: laravel-worker_01 (exit status 0; expected)
2024-12-29 02:06:34,362 INFO success: laravel-worker_00 entered RUNNING state, process has stayed up for > than 1 seconds (startsecs)
2024-12-29 02:06:34,363 INFO spawned: 'laravel-worker_01' with pid 117
2024-12-29 02:06:35,365 INFO success: laravel-worker_01 entered RUNNING state, process has stayed up for > than 1 seconds (startsecs)
2024-12-29 02:27:41,650 WARN received SIGQUIT indicating exit request
2024-12-29 02:27:41,650 INFO waiting for laravel-worker_00, laravel-worker_01, laravel-worker_02, laravel-worker_03, php-fpm_00 to die
2024-12-29 02:27:41,655 INFO stopped: php-fpm_00 (exit status 0)
2024-12-29 02:27:41,660 INFO stopped: laravel-worker_02 (exit status 0)
2024-12-29 02:27:41,660 INFO stopped: laravel-worker_00 (exit status 0)
2024-12-29 02:27:41,660 INFO stopped: laravel-worker_03 (exit status 0)
2024-12-29 02:27:44,663 INFO stopped: laravel-worker_01 (exit status 0)
2024-12-29 22:52:04,044 CRIT Supervisor is running as root.  Privileges were not dropped because no user is specified in the config file.  If you intend to run as root, you can set user=root in the config file to avoid this message.
2024-12-29 22:52:04,044 INFO Included extra file "/etc/supervisor/conf.d/supervisord.conf" during parsing
2024-12-29 22:52:04,048 INFO RPC interface 'supervisor' initialized
2024-12-29 22:52:04,048 CRIT Server 'unix_http_server' running without any HTTP authentication checking
2024-12-29 22:52:04,048 INFO supervisord started with pid 1
2024-12-29 22:52:05,053 INFO spawned: 'laravel-worker_00' with pid 7
2024-12-29 22:52:05,056 INFO spawned: 'laravel-worker_01' with pid 8
2024-12-29 22:52:05,059 INFO spawned: 'laravel-worker_02' with pid 9
2024-12-29 22:52:05,063 INFO spawned: 'laravel-worker_03' with pid 10
2024-12-29 22:52:05,066 INFO spawned: 'php-fpm_00' with pid 11
2024-12-29 22:52:06,201 INFO success: laravel-worker_00 entered RUNNING state, process has stayed up for > than 1 seconds (startsecs)
2024-12-29 22:52:06,201 INFO success: laravel-worker_01 entered RUNNING state, process has stayed up for > than 1 seconds (startsecs)
2024-12-29 22:52:06,201 INFO success: laravel-worker_02 entered RUNNING state, process has stayed up for > than 1 seconds (startsecs)
2024-12-29 22:52:06,201 INFO success: laravel-worker_03 entered RUNNING state, process has stayed up for > than 1 seconds (startsecs)
2024-12-29 22:52:06,201 INFO success: php-fpm_00 entered RUNNING state, process has stayed up for > than 1 seconds (startsecs)
2024-12-29 23:19:07,879 WARN received SIGQUIT indicating exit request
2024-12-29 23:19:07,879 INFO waiting for laravel-worker_00, laravel-worker_01, laravel-worker_02, laravel-worker_03, php-fpm_00 to die
2024-12-29 23:19:07,897 INFO stopped: php-fpm_00 (exit status 0)
2024-12-29 23:19:07,910 INFO stopped: laravel-worker_00 (exit status 0)
2024-12-29 23:19:07,913 INFO stopped: laravel-worker_01 (exit status 0)
2024-12-29 23:19:07,914 INFO stopped: laravel-worker_02 (exit status 0)
2024-12-29 23:19:07,917 INFO stopped: laravel-worker_03 (exit status 0)
2025-01-11 02:29:45,641 CRIT Supervisor is running as root.  Privileges were not dropped because no user is specified in the config file.  If you intend to run as root, you can set user=root in the config file to avoid this message.
2025-01-11 02:29:45,641 INFO Included extra file "/etc/supervisor/conf.d/supervisord.conf" during parsing
2025-01-11 02:29:45,645 INFO RPC interface 'supervisor' initialized
2025-01-11 02:29:45,645 CRIT Server 'unix_http_server' running without any HTTP authentication checking
2025-01-11 02:29:45,645 INFO supervisord started with pid 1
2025-01-11 02:29:46,650 INFO spawned: 'laravel-worker_00' with pid 7
2025-01-11 02:29:46,651 INFO spawned: 'laravel-worker_01' with pid 8
2025-01-11 02:29:46,653 INFO spawned: 'laravel-worker_02' with pid 9
2025-01-11 02:29:46,655 INFO spawned: 'laravel-worker_03' with pid 10
2025-01-11 02:29:46,658 INFO spawned: 'php-fpm_00' with pid 11
2025-01-11 02:29:47,798 INFO success: laravel-worker_00 entered RUNNING state, process has stayed up for > than 1 seconds (startsecs)
2025-01-11 02:29:47,799 INFO success: laravel-worker_01 entered RUNNING state, process has stayed up for > than 1 seconds (startsecs)
2025-01-11 02:29:47,799 INFO success: laravel-worker_02 entered RUNNING state, process has stayed up for > than 1 seconds (startsecs)
2025-01-11 02:29:47,799 INFO success: laravel-worker_03 entered RUNNING state, process has stayed up for > than 1 seconds (startsecs)
2025-01-11 02:29:47,799 INFO success: php-fpm_00 entered RUNNING state, process has stayed up for > than 1 seconds (startsecs)
