
Warning: require(/var/www/html/app/vendor/autoload.php): Failed to open stream: No such file or directory in /var/www/html/app/artisan on line 18

Fatal error: Uncaught Error: Failed opening required '/var/www/html/app/vendor/autoload.php' (include_path='.:/usr/local/lib/php') in /var/www/html/app/artisan:18
Stack trace:
#0 {main}
  thrown in /var/www/html/app/artisan on line 18

Warning: require(/var/www/html/app/vendor/autoload.php): Failed to open stream: No such file or directory in /var/www/html/app/artisan on line 18

Fatal error: Uncaught Error: Failed opening required '/var/www/html/app/vendor/autoload.php' (include_path='.:/usr/local/lib/php') in /var/www/html/app/artisan:18
Stack trace:
#0 {main}
  thrown in /var/www/html/app/artisan on line 18

Warning: require(/var/www/html/app/vendor/autoload.php): Failed to open stream: No such file or directory in /var/www/html/app/artisan on line 18

Fatal error: Uncaught Error: Failed opening required '/var/www/html/app/vendor/autoload.php' (include_path='.:/usr/local/lib/php') in /var/www/html/app/artisan:18
Stack trace:
#0 {main}
  thrown in /var/www/html/app/artisan on line 18

Warning: require(/var/www/html/app/vendor/autoload.php): Failed to open stream: No such file or directory in /var/www/html/app/artisan on line 18

Fatal error: Uncaught Error: Failed opening required '/var/www/html/app/vendor/autoload.php' (include_path='.:/usr/local/lib/php') in /var/www/html/app/artisan:18
Stack trace:
#0 {main}
  thrown in /var/www/html/app/artisan on line 18

Warning: require(/var/www/html/app/vendor/autoload.php): Failed to open stream: No such file or directory in /var/www/html/app/artisan on line 18

Fatal error: Uncaught Error: Failed opening required '/var/www/html/app/vendor/autoload.php' (include_path='.:/usr/local/lib/php') in /var/www/html/app/artisan:18
Stack trace:
#0 {main}
  thrown in /var/www/html/app/artisan on line 18

Warning: require(/var/www/html/app/vendor/autoload.php): Failed to open stream: No such file or directory in /var/www/html/app/artisan on line 18

Fatal error: Uncaught Error: Failed opening required '/var/www/html/app/vendor/autoload.php' (include_path='.:/usr/local/lib/php') in /var/www/html/app/artisan:18
Stack trace:
#0 {main}
  thrown in /var/www/html/app/artisan on line 18

Warning: require(/var/www/html/app/vendor/autoload.php): Failed to open stream: No such file or directory in /var/www/html/app/artisan on line 18

Fatal error: Uncaught Error: Failed opening required '/var/www/html/app/vendor/autoload.php' (include_path='.:/usr/local/lib/php') in /var/www/html/app/artisan:18
Stack trace:
#0 {main}
  thrown in /var/www/html/app/artisan on line 18

Warning: require(/var/www/html/app/vendor/autoload.php): Failed to open stream: No such file or directory in /var/www/html/app/artisan on line 18

Fatal error: Uncaught Error: Failed opening required '/var/www/html/app/vendor/autoload.php' (include_path='.:/usr/local/lib/php') in /var/www/html/app/artisan:18
Stack trace:
#0 {main}
  thrown in /var/www/html/app/artisan on line 18

Warning: require(/var/www/html/app/vendor/autoload.php): Failed to open stream: No such file or directory in /var/www/html/app/artisan on line 18

Fatal error: Uncaught Error: Failed opening required '/var/www/html/app/vendor/autoload.php' (include_path='.:/usr/local/lib/php') in /var/www/html/app/artisan:18
Stack trace:
#0 {main}
  thrown in /var/www/html/app/artisan on line 18

Warning: require(/var/www/html/app/vendor/autoload.php): Failed to open stream: No such file or directory in /var/www/html/app/artisan on line 18

Fatal error: Uncaught Error: Failed opening required '/var/www/html/app/vendor/autoload.php' (include_path='.:/usr/local/lib/php') in /var/www/html/app/artisan:18
Stack trace:
#0 {main}
  thrown in /var/www/html/app/artisan on line 18

Warning: require(/var/www/html/app/vendor/autoload.php): Failed to open stream: No such file or directory in /var/www/html/app/artisan on line 18

Fatal error: Uncaught Error: Failed opening required '/var/www/html/app/vendor/autoload.php' (include_path='.:/usr/local/lib/php') in /var/www/html/app/artisan:18
Stack trace:
#0 {main}
  thrown in /var/www/html/app/artisan on line 18

Warning: require(/var/www/html/app/vendor/autoload.php): Failed to open stream: No such file or directory in /var/www/html/app/artisan on line 18

Fatal error: Uncaught Error: Failed opening required '/var/www/html/app/vendor/autoload.php' (include_path='.:/usr/local/lib/php') in /var/www/html/app/artisan:18
Stack trace:
#0 {main}
  thrown in /var/www/html/app/artisan on line 18

Warning: require(/var/www/html/app/vendor/autoload.php): Failed to open stream: No such file or directory in /var/www/html/app/artisan on line 18

Fatal error: Uncaught Error: Failed opening required '/var/www/html/app/vendor/autoload.php' (include_path='.:/usr/local/lib/php') in /var/www/html/app/artisan:18
Stack trace:
#0 {main}
  thrown in /var/www/html/app/artisan on line 18

Warning: require(/var/www/html/app/vendor/autoload.php): Failed to open stream: No such file or directory in /var/www/html/app/artisan on line 18

Fatal error: Uncaught Error: Failed opening required '/var/www/html/app/vendor/autoload.php' (include_path='.:/usr/local/lib/php') in /var/www/html/app/artisan:18
Stack trace:
#0 {main}
  thrown in /var/www/html/app/artisan on line 18

Warning: require(/var/www/html/app/vendor/autoload.php): Failed to open stream: No such file or directory in /var/www/html/app/artisan on line 18

Fatal error: Uncaught Error: Failed opening required '/var/www/html/app/vendor/autoload.php' (include_path='.:/usr/local/lib/php') in /var/www/html/app/artisan:18
Stack trace:
#0 {main}
  thrown in /var/www/html/app/artisan on line 18

Warning: require(/var/www/html/app/vendor/autoload.php): Failed to open stream: No such file or directory in /var/www/html/app/artisan on line 18

Fatal error: Uncaught Error: Failed opening required '/var/www/html/app/vendor/autoload.php' (include_path='.:/usr/local/lib/php') in /var/www/html/app/artisan:18
Stack trace:
#0 {main}
  thrown in /var/www/html/app/artisan on line 18

Warning: require(/var/www/html/app/vendor/autoload.php): Failed to open stream: No such file or directory in /var/www/html/app/artisan on line 18

Fatal error: Uncaught Error: Failed opening required '/var/www/html/app/vendor/autoload.php' (include_path='.:/usr/local/lib/php') in /var/www/html/app/artisan:18
Stack trace:
#0 {main}
  thrown in /var/www/html/app/artisan on line 18

Warning: require(/var/www/html/app/vendor/autoload.php): Failed to open stream: No such file or directory in /var/www/html/app/artisan on line 18

Fatal error: Uncaught Error: Failed opening required '/var/www/html/app/vendor/autoload.php' (include_path='.:/usr/local/lib/php') in /var/www/html/app/artisan:18
Stack trace:
#0 {main}
  thrown in /var/www/html/app/artisan on line 18

Warning: require(/var/www/html/app/vendor/autoload.php): Failed to open stream: No such file or directory in /var/www/html/app/artisan on line 18

Fatal error: Uncaught Error: Failed opening required '/var/www/html/app/vendor/autoload.php' (include_path='.:/usr/local/lib/php') in /var/www/html/app/artisan:18
Stack trace:
#0 {main}
  thrown in /var/www/html/app/artisan on line 18

Warning: require(/var/www/html/app/vendor/autoload.php): Failed to open stream: No such file or directory in /var/www/html/app/artisan on line 18

Fatal error: Uncaught Error: Failed opening required '/var/www/html/app/vendor/autoload.php' (include_path='.:/usr/local/lib/php') in /var/www/html/app/artisan:18
Stack trace:
#0 {main}
  thrown in /var/www/html/app/artisan on line 18

Warning: require(/var/www/html/app/vendor/autoload.php): Failed to open stream: No such file or directory in /var/www/html/app/artisan on line 18

Fatal error: Uncaught Error: Failed opening required '/var/www/html/app/vendor/autoload.php' (include_path='.:/usr/local/lib/php') in /var/www/html/app/artisan:18
Stack trace:
#0 {main}
  thrown in /var/www/html/app/artisan on line 18

Warning: require(/var/www/html/app/vendor/autoload.php): Failed to open stream: No such file or directory in /var/www/html/app/artisan on line 18

Fatal error: Uncaught Error: Failed opening required '/var/www/html/app/vendor/autoload.php' (include_path='.:/usr/local/lib/php') in /var/www/html/app/artisan:18
Stack trace:
#0 {main}
  thrown in /var/www/html/app/artisan on line 18

Warning: require(/var/www/html/app/vendor/autoload.php): Failed to open stream: No such file or directory in /var/www/html/app/artisan on line 18

Fatal error: Uncaught Error: Failed opening required '/var/www/html/app/vendor/autoload.php' (include_path='.:/usr/local/lib/php') in /var/www/html/app/artisan:18
Stack trace:
#0 {main}
  thrown in /var/www/html/app/artisan on line 18

Warning: require(/var/www/html/app/vendor/autoload.php): Failed to open stream: No such file or directory in /var/www/html/app/artisan on line 18

Fatal error: Uncaught Error: Failed opening required '/var/www/html/app/vendor/autoload.php' (include_path='.:/usr/local/lib/php') in /var/www/html/app/artisan:18
Stack trace:
#0 {main}
  thrown in /var/www/html/app/artisan on line 18

Warning: require(/var/www/html/app/vendor/autoload.php): Failed to open stream: No such file or directory in /var/www/html/app/artisan on line 18

Fatal error: Uncaught Error: Failed opening required '/var/www/html/app/vendor/autoload.php' (include_path='.:/usr/local/lib/php') in /var/www/html/app/artisan:18
Stack trace:
#0 {main}
  thrown in /var/www/html/app/artisan on line 18

Warning: require(/var/www/html/app/vendor/autoload.php): Failed to open stream: No such file or directory in /var/www/html/app/artisan on line 18

Fatal error: Uncaught Error: Failed opening required '/var/www/html/app/vendor/autoload.php' (include_path='.:/usr/local/lib/php') in /var/www/html/app/artisan:18
Stack trace:
#0 {main}
  thrown in /var/www/html/app/artisan on line 18

Warning: require(/var/www/html/app/vendor/autoload.php): Failed to open stream: No such file or directory in /var/www/html/app/artisan on line 18

Fatal error: Uncaught Error: Failed opening required '/var/www/html/app/vendor/autoload.php' (include_path='.:/usr/local/lib/php') in /var/www/html/app/artisan:18
Stack trace:
#0 {main}
  thrown in /var/www/html/app/artisan on line 18

Warning: require(/var/www/html/app/vendor/autoload.php): Failed to open stream: No such file or directory in /var/www/html/app/artisan on line 18

Fatal error: Uncaught Error: Failed opening required '/var/www/html/app/vendor/autoload.php' (include_path='.:/usr/local/lib/php') in /var/www/html/app/artisan:18
Stack trace:
#0 {main}
  thrown in /var/www/html/app/artisan on line 18

Warning: require(/var/www/html/app/vendor/autoload.php): Failed to open stream: No such file or directory in /var/www/html/app/artisan on line 18

Fatal error: Uncaught Error: Failed opening required '/var/www/html/app/vendor/autoload.php' (include_path='.:/usr/local/lib/php') in /var/www/html/app/artisan:18
Stack trace:
#0 {main}
  thrown in /var/www/html/app/artisan on line 18

Warning: require(/var/www/html/app/vendor/autoload.php): Failed to open stream: No such file or directory in /var/www/html/app/artisan on line 18

Fatal error: Uncaught Error: Failed opening required '/var/www/html/app/vendor/autoload.php' (include_path='.:/usr/local/lib/php') in /var/www/html/app/artisan:18
Stack trace:
#0 {main}
  thrown in /var/www/html/app/artisan on line 18

Warning: require(/var/www/html/app/vendor/autoload.php): Failed to open stream: No such file or directory in /var/www/html/app/artisan on line 18

Fatal error: Uncaught Error: Failed opening required '/var/www/html/app/vendor/autoload.php' (include_path='.:/usr/local/lib/php') in /var/www/html/app/artisan:18
Stack trace:
#0 {main}
  thrown in /var/www/html/app/artisan on line 18

Warning: require(/var/www/html/app/vendor/autoload.php): Failed to open stream: No such file or directory in /var/www/html/app/artisan on line 18

Fatal error: Uncaught Error: Failed opening required '/var/www/html/app/vendor/autoload.php' (include_path='.:/usr/local/lib/php') in /var/www/html/app/artisan:18
Stack trace:
#0 {main}
  thrown in /var/www/html/app/artisan on line 18
