6379 6379
server is runing
Subscribed successfully! This client is currently subscribed to 1 channels.
[ioredis] Unhandled error event: Error: connect ECONNREFUSED 127.0.0.1:6379
    at TCPConnectWrap.afterConnect [as oncomplete] (net.js:1144:16)
[ioredis] Unhandled error event: Error: connect ECONNREFUSED 127.0.0.1:6379
    at TCPConnectWrap.afterConnect [as oncomplete] (net.js:1144:16)
[ioredis] Unhandled error event: Error: connect ECONNREFUSED 127.0.0.1:6379
    at TCPConnectWrap.afterConnect [as oncomplete] (net.js:1144:16)
[ioredis] Unhandled error event: Error: connect ECONNREFUSED 127.0.0.1:6379
    at TCPConnectWrap.afterConnect [as oncomplete] (net.js:1144:16)
[ioredis] Unhandled error event: Error: connect ECONNREFUSED 127.0.0.1:6379
    at TCPConnectWrap.afterConnect [as oncomplete] (net.js:1144:16)
[ioredis] Unhandled error event: Error: connect ECONNREFUSED 127.0.0.1:6379
    at TCPConnectWrap.afterConnect [as oncomplete] (net.js:1144:16)
[ioredis] Unhandled error event: Error: connect ECONNREFUSED 127.0.0.1:6379
    at TCPConnectWrap.afterConnect [as oncomplete] (net.js:1144:16)
[ioredis] Unhandled error event: Error: connect ECONNREFUSED 127.0.0.1:6379
    at TCPConnectWrap.afterConnect [as oncomplete] (net.js:1144:16)
[ioredis] Unhandled error event: Error: connect ECONNREFUSED 127.0.0.1:6379
    at TCPConnectWrap.afterConnect [as oncomplete] (net.js:1144:16)
[ioredis] Unhandled error event: Error: connect ECONNREFUSED 127.0.0.1:6379
    at TCPConnectWrap.afterConnect [as oncomplete] (net.js:1144:16)
[ioredis] Unhandled error event: Error: connect ECONNREFUSED 127.0.0.1:6379
    at TCPConnectWrap.afterConnect [as oncomplete] (net.js:1144:16)
6379 127.0.0.1
server is runing
Subscribed successfully! This client is currently subscribed to 1 channels.
Event: App\Events\SmsEvent
channel: private-sms-channel
message: [object Object]
[ioredis] Unhandled error event: Error: connect ECONNREFUSED 127.0.0.1:6379
    at TCPConnectWrap.afterConnect [as oncomplete] (net.js:1144:16)
[ioredis] Unhandled error event: Error: connect ECONNREFUSED 127.0.0.1:6379
    at TCPConnectWrap.afterConnect [as oncomplete] (net.js:1144:16)
[ioredis] Unhandled error event: Error: connect ECONNREFUSED 127.0.0.1:6379
    at TCPConnectWrap.afterConnect [as oncomplete] (net.js:1144:16)
[ioredis] Unhandled error event: Error: connect ECONNREFUSED 127.0.0.1:6379
    at TCPConnectWrap.afterConnect [as oncomplete] (net.js:1144:16)
[ioredis] Unhandled error event: Error: connect ECONNREFUSED 127.0.0.1:6379
    at TCPConnectWrap.afterConnect [as oncomplete] (net.js:1144:16)
[ioredis] Unhandled error event: Error: connect ECONNREFUSED 127.0.0.1:6379
    at TCPConnectWrap.afterConnect [as oncomplete] (net.js:1144:16)
[ioredis] Unhandled error event: Error: connect ECONNREFUSED 127.0.0.1:6379
    at TCPConnectWrap.afterConnect [as oncomplete] (net.js:1144:16)
[ioredis] Unhandled error event: Error: connect ECONNREFUSED 127.0.0.1:6379
    at TCPConnectWrap.afterConnect [as oncomplete] (net.js:1144:16)
6379 127.0.0.1
server is runing
Subscribed successfully! This client is currently subscribed to 1 channels.
Event: App\Events\SmsEvent
channel: private-sms-channel
message: [object Object]
[ioredis] Unhandled error event: Error: connect ECONNREFUSED 127.0.0.1:6379
    at TCPConnectWrap.afterConnect [as oncomplete] (net.js:1144:16)
[ioredis] Unhandled error event: Error: connect ECONNREFUSED 127.0.0.1:6379
    at TCPConnectWrap.afterConnect [as oncomplete] (net.js:1144:16)
6379 127.0.0.1
server is runing
Subscribed successfully! This client is currently subscribed to 1 channels.
[ioredis] Unhandled error event: Error: connect ECONNREFUSED 127.0.0.1:6379
    at TCPConnectWrap.afterConnect [as oncomplete] (net.js:1144:16)
[ioredis] Unhandled error event: Error: connect ECONNREFUSED 127.0.0.1:6379
    at TCPConnectWrap.afterConnect [as oncomplete] (net.js:1144:16)
[ioredis] Unhandled error event: Error: connect ECONNREFUSED 127.0.0.1:6379
    at TCPConnectWrap.afterConnect [as oncomplete] (net.js:1144:16)
6379 127.0.0.1
server is runing
Subscribed successfully! This client is currently subscribed to 1 channels.
6379 127.0.0.1
server is runing
Subscribed successfully! This client is currently subscribed to 1 channels.
Event: App\Events\SmsEvent
channel: private-sms-channel
message: [object Object]
Event: App\Events\SmsEvent
channel: private-sms-channel
message: [object Object]
Event: App\Events\SmsEvent
channel: private-sms-channel
message: [object Object]
Event: App\Events\SmsEvent
channel: private-sms-channel
message: [object Object]
Event: App\Events\SmsEvent
channel: private-sms-channel
message: [object Object]
Event: App\Events\SmsEvent
channel: private-sms-channel
message: [object Object]
Event: App\Events\SmsEvent
channel: private-sms-channel
message: [object Object]
Event: App\Events\SmsEvent
channel: private-sms-channel
message: [object Object]
Event: App\Events\SmsEvent
channel: private-sms-channel
message: [object Object]
6379 127.0.0.1
server is runing
Subscribed successfully! This client is currently subscribed to 1 channels.
Event: App\Events\SmsEvent
channel: private-sms-channel
message: [object Object]
Event: App\Events\SmsEvent
channel: private-sms-channel
message: [object Object]
Event: App\Events\SmsEvent
channel: private-sms-channel
message: [object Object]
6379 127.0.0.1
server is runing
Subscribed successfully! This client is currently subscribed to 1 channels.
Event: App\Events\SmsEvent
channel: private-sms-channel
message: [object Object]
Event: App\Events\SmsEvent
channel: private-sms-channel
message: [object Object]
Event: App\Events\SmsEvent
channel: private-sms-channel
message: [object Object]
6379 127.0.0.1
server is runing
Subscribed successfully! This client is currently subscribed to 1 channels.
6379 127.0.0.1
server is runing
Subscribed successfully! This client is currently subscribed to 1 channels.
Event: App\Events\SmsEvent
channel: private-sms-channel
message: [object Object]
Event: App\Events\SmsEvent
channel: private-sms-channel
message: [object Object]
Event: App\Events\SmsEvent
channel: private-sms-channel
message: [object Object]
Event: App\Events\SmsEvent
channel: private-sms-channel
message: [object Object]
Event: App\Events\SmsEvent
channel: private-sms-channel
message: [object Object]
Event: App\Events\SmsEvent
channel: private-sms-channel
message: [object Object]
Event: App\Events\SmsEvent
channel: private-sms-channel
message: [object Object]
Event: App\Events\SmsEvent
channel: private-sms-channel
message: [object Object]
Event: App\Events\SmsEvent
channel: private-sms-channel
message: [object Object]
Event: App\Events\SmsEvent
channel: private-sms-channel
message: [object Object]
Event: App\Events\SmsEvent
channel: private-sms-channel
message: [object Object]
Event: App\Events\SmsEvent
channel: private-sms-channel
message: [object Object]
Event: App\Events\SmsEvent
channel: private-sms-channel
message: [object Object]
Event: App\Events\SmsEvent
channel: private-sms-channel
message: [object Object]
Event: App\Events\SmsEvent
channel: private-sms-channel
message: [object Object]
[ioredis] Unhandled error event: Error: connect ECONNREFUSED 127.0.0.1:6379
    at TCPConnectWrap.afterConnect [as oncomplete] (net.js:1144:16)
[ioredis] Unhandled error event: Error: connect ECONNREFUSED 127.0.0.1:6379
    at TCPConnectWrap.afterConnect [as oncomplete] (net.js:1144:16)
[ioredis] Unhandled error event: Error: connect ECONNREFUSED 127.0.0.1:6379
    at TCPConnectWrap.afterConnect [as oncomplete] (net.js:1144:16)
6379 127.0.0.1
server is runing
Subscribed successfully! This client is currently subscribed to 1 channels.
Event: App\Events\SmsEvent
channel: private-sms-channel
message: [object Object]
Event: App\Events\SmsEvent
channel: private-sms-channel
message: [object Object]
Event: App\Events\SmsEvent
channel: private-sms-channel
message: [object Object]
Event: App\Events\SmsEvent
channel: private-sms-channel
message: [object Object]
Event: App\Events\SmsEvent
channel: private-sms-channel
message: [object Object]
Event: App\Events\SmsEvent
channel: private-sms-channel
message: [object Object]
Event: App\Events\SmsEvent
channel: private-sms-channel
message: [object Object]
6379 127.0.0.1
server is runing
Subscribed successfully! This client is currently subscribed to 1 channels.
[ioredis] Unhandled error event: Error: connect ECONNREFUSED 127.0.0.1:6379
    at TCPConnectWrap.afterConnect [as oncomplete] (net.js:1144:16)
[ioredis] Unhandled error event: Error: connect ECONNREFUSED 127.0.0.1:6379
    at TCPConnectWrap.afterConnect [as oncomplete] (net.js:1144:16)
6379 127.0.0.1
server is runing
Subscribed successfully! This client is currently subscribed to 1 channels.
6379 127.0.0.1
server is runing
Subscribed successfully! This client is currently subscribed to 1 channels.
Event: App\Events\SmsEvent
channel: private-sms-channel
message: [object Object]
Event: App\Events\SmsEvent
channel: private-sms-channel
message: [object Object]
Event: App\Events\SmsEvent
channel: private-sms-channel
message: [object Object]
Event: App\Events\SmsEvent
channel: private-sms-channel
message: [object Object]
