[2022-05-14 03:18:38][sJSwr8pSWp76VOdrNQyMzts2DZY7plQP] Processing: App\Events\MessageEvent
[2022-05-14 03:18:38][sJSwr8pSWp76VOdrNQyMzts2DZY7plQP] Processed:  App\Events\MessageEvent
[2022-05-14 03:35:14][CruPuhIUiy2bCnIKbze6Ac5eZ2Jzuxh5] Processing: App\Events\MessageEvent
[2022-05-14 03:35:15][CruPuhIUiy2bCnIKbze6Ac5eZ2Jzuxh5] Processed:  App\Events\MessageEvent
[2022-05-14 03:35:54][2HzKZmzGhNBmAa2OShzPndGIphLP9XjC] Processing: App\Events\MessageEvent
[2022-05-14 03:35:56][2HzKZmzGhNBmAa2OShzPndGIphLP9XjC] Processed:  App\Events\MessageEvent
[2022-05-14 03:46:10][TsAnTxzH3aRe9aHMPrGtsTiqD9jUSKIq] Processing: App\Events\MessageEvent
[2022-05-14 03:46:10][TsAnTxzH3aRe9aHMPrGtsTiqD9jUSKIq] Processed:  App\Events\MessageEvent
[2022-05-14 03:57:13][QnXJUcGNVcJCbqBQP8QgKfC64qZ0eEnw] Processing: App\Events\MessageEvent
[2022-05-14 03:57:13][QnXJUcGNVcJCbqBQP8QgKfC64qZ0eEnw] Processed:  App\Events\MessageEvent
[2022-05-14 03:59:01][4kSFFmbOmp7J7n480ZSbVf3uULiwwtTO] Processing: App\Events\MessageEvent
[2022-05-14 03:59:02][4kSFFmbOmp7J7n480ZSbVf3uULiwwtTO] Processed:  App\Events\MessageEvent
[2022-05-14 04:03:41][ADa4DsJGyVPeRPnwcS3Ne0gBZ0MtJzIg] Processing: App\Events\MessageEvent
[2022-05-14 04:03:41][ADa4DsJGyVPeRPnwcS3Ne0gBZ0MtJzIg] Processed:  App\Events\MessageEvent
[2022-05-14 04:07:06][CwSoDCzRHbVc9jNF8Z4ypexSpgVETDiP] Processing: App\Events\MessageEvent
[2022-05-14 04:07:06][CwSoDCzRHbVc9jNF8Z4ypexSpgVETDiP] Processed:  App\Events\MessageEvent
[2022-05-14 04:11:19][hr3p0Pw1AhHkzjLMwgA5U5dvHHu1lcvN] Processing: App\Events\MessageEvent
[2022-05-14 04:11:19][hr3p0Pw1AhHkzjLMwgA5U5dvHHu1lcvN] Processed:  App\Events\MessageEvent
[2022-05-14 04:12:43][ELIapN2rd195PihTSwVryYpLqq66eQej] Processing: App\Events\MessageEvent
[2022-05-14 04:12:44][ELIapN2rd195PihTSwVryYpLqq66eQej] Processed:  App\Events\MessageEvent
[2022-05-14 04:23:53][yNkwwMX92mGD0UGNpFuds41hzR7doYtz] Processing: App\Events\MessageEvent
[2022-05-14 04:23:53][yNkwwMX92mGD0UGNpFuds41hzR7doYtz] Processed:  App\Events\MessageEvent
[2022-05-14 04:25:38][m1wktwHAJ9aYlhQSBRieqDHZNfNqKgZU] Processing: App\Events\MessageEvent
[2022-05-14 04:25:44][m1wktwHAJ9aYlhQSBRieqDHZNfNqKgZU] Processed:  App\Events\MessageEvent
[2022-05-14 04:30:11][pRdSuh3PnLdM4kbX248pycHxKBxkE7aZ] Processing: App\Jobs\SmsJob
[2022-05-14 04:30:14][pRdSuh3PnLdM4kbX248pycHxKBxkE7aZ] Processing: App\Jobs\SmsJob
[2022-05-14 04:30:14][pRdSuh3PnLdM4kbX248pycHxKBxkE7aZ] Processing: App\Jobs\SmsJob
[2022-05-14 04:30:16][pRdSuh3PnLdM4kbX248pycHxKBxkE7aZ] Failed:     App\Jobs\SmsJob
[2022-05-14 04:30:16][2HaBKIub4Fzg0jqPQb2OIhvbU1oM7IvA] Processing: App\Events\SmsEvent
[2022-05-14 04:30:16][2HaBKIub4Fzg0jqPQb2OIhvbU1oM7IvA] Processed:  App\Events\SmsEvent
[2022-05-14 04:31:15][UgHGrCOuwcFw5ZYjASppWar1JGYwBIgI] Processing: App\Events\MessageEvent
[2022-05-14 04:31:17][UgHGrCOuwcFw5ZYjASppWar1JGYwBIgI] Processed:  App\Events\MessageEvent
[2022-05-14 04:33:31][vIiprYRAeiEyqSA7lbqTmuI2xKQE5DW6] Processing: App\Events\MessageEvent
[2022-05-14 04:33:31][vIiprYRAeiEyqSA7lbqTmuI2xKQE5DW6] Processed:  App\Events\MessageEvent
[2022-05-14 04:35:35][qSFveIHMJtJX3RcR3kpmaF4r3gD2f9hC] Processing: App\Events\MessageEvent
[2022-05-14 04:35:35][qSFveIHMJtJX3RcR3kpmaF4r3gD2f9hC] Processed:  App\Events\MessageEvent
[2022-05-14 04:40:35][p7I1tOw4VnxowVSnHkLyBZ1gOkZFtTwJ] Processing: App\Events\MessageEvent
[2022-05-14 04:40:36][p7I1tOw4VnxowVSnHkLyBZ1gOkZFtTwJ] Processed:  App\Events\MessageEvent
[2022-05-14 04:46:33][foaA3mwEDchmNNkSJZO2it9TdXQ2YBNQ] Processing: App\Events\MessageEvent
[2022-05-14 04:46:35][foaA3mwEDchmNNkSJZO2it9TdXQ2YBNQ] Processed:  App\Events\MessageEvent
[2022-05-14 04:48:23][ZWFv3wIOmwUJ0FpbgqGnpKbiHWKUCFPB] Processing: App\Events\MessageEvent
[2022-05-14 04:48:23][ZWFv3wIOmwUJ0FpbgqGnpKbiHWKUCFPB] Processed:  App\Events\MessageEvent
[2022-05-14 04:51:46][x9oJKCgN1hN2XlifOXBAA5tUbstQaCZj] Processing: App\Events\MessageEvent
[2022-05-14 04:51:46][x9oJKCgN1hN2XlifOXBAA5tUbstQaCZj] Processed:  App\Events\MessageEvent
[2022-05-14 05:02:37][9uZmwrOQxvQYhUk5wDHtkQOV1qYTVFtd] Processing: App\Events\MessageEvent
[2022-05-14 05:02:37][9uZmwrOQxvQYhUk5wDHtkQOV1qYTVFtd] Processed:  App\Events\MessageEvent
[2022-05-14 05:04:43][k0BmtWyIvTIYY7a1sFBkQg1IbgwMQPhK] Processing: App\Events\MessageEvent
[2022-05-14 05:04:43][k0BmtWyIvTIYY7a1sFBkQg1IbgwMQPhK] Processed:  App\Events\MessageEvent
[2022-05-25 16:20:28][W2R7zPIewQF6BssrtKpPGAkSZHJc3cwb] Processing: App\Jobs\SmsJob
[2022-05-25 16:20:33][W2R7zPIewQF6BssrtKpPGAkSZHJc3cwb] Processed:  App\Jobs\SmsJob
[2022-05-25 16:20:33][umzQQDnrc2vezZnVr0vimtGT9NDCruMQ] Processing: App\Events\SmsEvent
[2022-05-25 16:20:33][umzQQDnrc2vezZnVr0vimtGT9NDCruMQ] Processed:  App\Events\SmsEvent
[2022-05-25 16:22:51][FkdQICecGtYg0XrSC7Hz5pSAFITlLTel] Processing: App\Events\MessageEvent
[2022-05-25 16:22:52][FkdQICecGtYg0XrSC7Hz5pSAFITlLTel] Processed:  App\Events\MessageEvent
[2022-05-25 16:45:11][60toh10ZoQO1LNrqEr9MLC6cqHGQ2qyo] Processing: App\Jobs\SmsJob
[2022-05-25 16:45:15][60toh10ZoQO1LNrqEr9MLC6cqHGQ2qyo] Processed:  App\Jobs\SmsJob
[2022-05-25 16:45:15][o13eXNFzyqu8UcdNYrGB7adAjDLHZc3J] Processing: App\Events\SmsEvent
[2022-05-25 16:45:15][o13eXNFzyqu8UcdNYrGB7adAjDLHZc3J] Processed:  App\Events\SmsEvent
[2022-05-25 21:42:45][ypURZsrI5lJ9bN07Rt0JkDMZTXVZWVOj] Processing: App\Jobs\SmsJob
[2022-05-25 21:42:51][ypURZsrI5lJ9bN07Rt0JkDMZTXVZWVOj] Processed:  App\Jobs\SmsJob
[2022-05-25 21:42:51][VIycQ5Xsp1EMPLyW83mUXN0uat197X0n] Processing: App\Events\SmsEvent
[2022-05-25 21:42:51][VIycQ5Xsp1EMPLyW83mUXN0uat197X0n] Processed:  App\Events\SmsEvent
[2022-05-25 21:45:39][4D5iSpy3SQEYmlW71aWS04IDosXBe73o] Processing: App\Jobs\SmsJob
[2022-05-25 21:45:43][4D5iSpy3SQEYmlW71aWS04IDosXBe73o] Processed:  App\Jobs\SmsJob
[2022-05-25 21:45:43][9AMHxL4iWtELiSHNNfnliZQYFOfApGgb] Processing: App\Events\SmsEvent
[2022-05-25 21:45:43][9AMHxL4iWtELiSHNNfnliZQYFOfApGgb] Processed:  App\Events\SmsEvent
[2022-05-25 21:57:20][yZ3sqPkGiMsnk6Rp0DzxxPRu2hvSe50x] Processing: App\Events\MessageEvent
[2022-05-25 21:57:21][yZ3sqPkGiMsnk6Rp0DzxxPRu2hvSe50x] Processed:  App\Events\MessageEvent
[2022-05-25 21:57:45][LrfSfPvUrK7GhnnwNZadI1Z11UzOstya] Processing: App\Events\MessageEvent
[2022-05-25 21:57:46][LrfSfPvUrK7GhnnwNZadI1Z11UzOstya] Processed:  App\Events\MessageEvent
[2022-05-25 21:58:03][e3ksdX2kCTJ02DE18oJy4s5mZjeoAcAQ] Processing: App\Events\MessageEvent
[2022-05-25 21:58:03][e3ksdX2kCTJ02DE18oJy4s5mZjeoAcAQ] Processed:  App\Events\MessageEvent
[2022-05-25 22:16:31][8CxQ1bhfJUxDwZqqKpwVIo4HUaIEk976] Processing: App\Jobs\SmsJob
[2022-05-25 22:16:35][8CxQ1bhfJUxDwZqqKpwVIo4HUaIEk976] Processing: App\Jobs\SmsJob
[2022-05-25 22:16:35][8CxQ1bhfJUxDwZqqKpwVIo4HUaIEk976] Processing: App\Jobs\SmsJob
[2022-05-25 22:16:36][8CxQ1bhfJUxDwZqqKpwVIo4HUaIEk976] Failed:     App\Jobs\SmsJob
[2022-05-25 22:16:37][GiS1dAkEK3MkIWhBWfVbgkCpn5XIFH2F] Processing: App\Events\SmsEvent
[2022-05-25 22:16:37][GiS1dAkEK3MkIWhBWfVbgkCpn5XIFH2F] Processed:  App\Events\SmsEvent
[2022-05-25 22:17:46][dUUvlFbvmNXjocPvyIlr5W5WFiX83cXE] Processing: App\Events\MessageEvent
[2022-05-25 22:17:46][dUUvlFbvmNXjocPvyIlr5W5WFiX83cXE] Processed:  App\Events\MessageEvent
[2022-05-25 22:20:30][GCGkyYSJiyR8X32dL7KLotQt35ssdVLv] Processing: App\Events\MessageEvent
[2022-05-25 22:20:30][GCGkyYSJiyR8X32dL7KLotQt35ssdVLv] Processed:  App\Events\MessageEvent
[2022-05-25 22:21:49][zYkL3u2hdv5yXRNCnPPWcOgjzBpvOE9S] Processing: App\Events\MessageEvent
[2022-05-25 22:21:49][zYkL3u2hdv5yXRNCnPPWcOgjzBpvOE9S] Processed:  App\Events\MessageEvent
[2022-05-25 22:21:51][iQWU9PZHF23IuEhLO4xyeBieoycZ7ySH] Processing: App\Events\MessageEvent
[2022-05-25 22:21:52][iQWU9PZHF23IuEhLO4xyeBieoycZ7ySH] Processed:  App\Events\MessageEvent
[2022-05-25 22:22:13][C9BXyI82TwiObtbnMPpBL7Y7VTBYYYRE] Processing: App\Events\MessageEvent
[2022-05-25 22:22:13][C9BXyI82TwiObtbnMPpBL7Y7VTBYYYRE] Processed:  App\Events\MessageEvent
[2022-05-25 22:22:43][6DMPyQvnkwx7JQqbmQBRLgjy06dZLkX8] Processing: App\Events\MessageEvent
[2022-05-25 22:22:43][6DMPyQvnkwx7JQqbmQBRLgjy06dZLkX8] Processed:  App\Events\MessageEvent
[2022-05-25 22:24:32][nYJJzJPizB6BosVUtZrA618D5xaNGCsJ] Processing: App\Events\MessageEvent
[2022-05-25 22:24:32][nYJJzJPizB6BosVUtZrA618D5xaNGCsJ] Processed:  App\Events\MessageEvent
[2022-05-25 22:24:54][gLYEi1kAlM4kOo0qOBPekbKeew8fWfG9] Processing: App\Events\MessageEvent
[2022-05-25 22:24:54][gLYEi1kAlM4kOo0qOBPekbKeew8fWfG9] Processed:  App\Events\MessageEvent
[2022-05-25 22:26:11][EvdsCvVVNb0F28DiLqb0f5AA4HjBjI01] Processing: App\Events\MessageEvent
[2022-05-25 22:26:11][EvdsCvVVNb0F28DiLqb0f5AA4HjBjI01] Processed:  App\Events\MessageEvent
[2022-05-25 22:37:32][6s1b5HQ2I1AReUjlsfYoYQYaioWlNAgD] Processing: App\Events\MessageEvent
[2022-05-25 22:37:32][QSGJriIoWfXKs3KghHzFVYxwJnaBp5Nb] Processing: App\Events\MessageEvent
[2022-05-25 22:37:32][QSGJriIoWfXKs3KghHzFVYxwJnaBp5Nb] Processed:  App\Events\MessageEvent
[2022-05-25 22:37:32][6s1b5HQ2I1AReUjlsfYoYQYaioWlNAgD] Processed:  App\Events\MessageEvent
[2022-05-25 22:37:44][Ck3AnYhxAlovWZtLLz4MK0YQMPhNTVcX] Processing: App\Events\MessageEvent
[2022-05-25 22:37:44][Ck3AnYhxAlovWZtLLz4MK0YQMPhNTVcX] Processed:  App\Events\MessageEvent
[2022-05-25 22:40:17][9euXOSxTZShzeFTyWKujc9Ynzj5Pt2Ay] Processing: App\Events\MessageEvent
[2022-05-25 22:40:17][9euXOSxTZShzeFTyWKujc9Ynzj5Pt2Ay] Processed:  App\Events\MessageEvent
[2022-05-25 22:40:25][CAhhRXHvZ7sGdaanKPpZVkAkzqsky5D2] Processing: App\Events\MessageEvent
[2022-05-25 22:40:25][CAhhRXHvZ7sGdaanKPpZVkAkzqsky5D2] Processed:  App\Events\MessageEvent
[2022-05-25 22:40:28][qDMAQuLkYaQAC6mKectWtQtUx1LPSsTp] Processing: App\Events\MessageEvent
[2022-05-25 22:40:28][qDMAQuLkYaQAC6mKectWtQtUx1LPSsTp] Processed:  App\Events\MessageEvent
[2022-05-25 22:41:27][QFsgv6Dc6t2zKVTvoyrfemWdHPcMfsG0] Processing: App\Events\MessageEvent
[2022-05-25 22:41:29][QFsgv6Dc6t2zKVTvoyrfemWdHPcMfsG0] Processed:  App\Events\MessageEvent
[2022-05-25 22:41:39][gScuZr8MNjUHcY9lRUoizcGCrRJ1gbwB] Processing: App\Events\MessageEvent
[2022-05-25 22:41:40][gScuZr8MNjUHcY9lRUoizcGCrRJ1gbwB] Processed:  App\Events\MessageEvent
[2022-05-25 22:41:58][HRok9QCynycG8RTpdpAPdc8Hwdz2DCQc] Processing: App\Events\MessageEvent
[2022-05-25 22:41:58][HRok9QCynycG8RTpdpAPdc8Hwdz2DCQc] Processed:  App\Events\MessageEvent
[2022-05-25 22:46:38][b3cFszd3dLF8xdokPYEqXiYYKRalaNwZ] Processing: App\Events\MessageEvent
[2022-05-25 22:46:38][b3cFszd3dLF8xdokPYEqXiYYKRalaNwZ] Processed:  App\Events\MessageEvent
[2022-05-25 22:47:23][1BP8eCYbCsRCTwXDI719U4rR4e1fPcR2] Processing: App\Events\MessageEvent
[2022-05-25 22:47:23][1BP8eCYbCsRCTwXDI719U4rR4e1fPcR2] Processed:  App\Events\MessageEvent
[2022-05-25 22:49:38][C91wz3wcAaaD6uErZYHaF8KOej4YHyZn] Processing: App\Events\MessageEvent
[2022-05-25 22:49:40][C91wz3wcAaaD6uErZYHaF8KOej4YHyZn] Processed:  App\Events\MessageEvent
[2022-05-25 22:50:40][ZMXXoHaDMNPfk0u6PDQ935jj03Nt3yqI] Processing: App\Events\MessageEvent
[2022-05-25 22:50:40][ZMXXoHaDMNPfk0u6PDQ935jj03Nt3yqI] Processed:  App\Events\MessageEvent
[2022-05-25 22:52:36][FqJqcgqqoV0G3Kw8TAVMwwEATYfNrzym] Processing: App\Events\MessageEvent
[2022-05-25 22:52:36][FqJqcgqqoV0G3Kw8TAVMwwEATYfNrzym] Processed:  App\Events\MessageEvent
[2022-05-25 22:56:11][BripkPN8dW8n0eLmJopOL6IYOvV47tpF] Processing: App\Events\MessageEvent
[2022-05-25 22:56:12][BripkPN8dW8n0eLmJopOL6IYOvV47tpF] Processed:  App\Events\MessageEvent
[2022-05-25 23:04:13][e89mn16Xua6dg49I3YdbTkEGy3txOpcc] Processing: App\Events\MessageEvent
[2022-05-25 23:04:13][e89mn16Xua6dg49I3YdbTkEGy3txOpcc] Processed:  App\Events\MessageEvent
[2022-05-25 23:23:02][iZtVqwRkGpanuzKfhoA4ShjI3yKTl0t9] Processing: App\Events\MessageEvent
[2022-05-25 23:23:02][iZtVqwRkGpanuzKfhoA4ShjI3yKTl0t9] Processed:  App\Events\MessageEvent
[2022-05-25 23:29:10][iZDnDLbbysOZUckfs7STtq967LSvIUuj] Processing: App\Jobs\SmsJob
[2022-05-25 23:29:16][iZDnDLbbysOZUckfs7STtq967LSvIUuj] Processing: App\Jobs\SmsJob
[2022-05-25 23:29:18][iZDnDLbbysOZUckfs7STtq967LSvIUuj] Processing: App\Jobs\SmsJob
[2022-05-25 23:29:21][iZDnDLbbysOZUckfs7STtq967LSvIUuj] Failed:     App\Jobs\SmsJob
[2022-05-25 23:29:21][JbOgHsBEx93MbSBgwonQx8XHFrAL4oro] Processing: App\Events\SmsEvent
[2022-05-25 23:29:21][JbOgHsBEx93MbSBgwonQx8XHFrAL4oro] Processed:  App\Events\SmsEvent
[2022-05-25 23:30:16][Z9zRlSWap4OwtGDptYjSxvaqRxYW0AB0] Processing: App\Events\MessageEvent
[2022-05-25 23:30:16][Z9zRlSWap4OwtGDptYjSxvaqRxYW0AB0] Processed:  App\Events\MessageEvent
[2022-05-25 23:38:49][EELUSfiK2RqrQ47f3nZOqul1KJm1C3tV] Processing: App\Events\MessageEvent
[2022-05-25 23:38:49][EELUSfiK2RqrQ47f3nZOqul1KJm1C3tV] Processed:  App\Events\MessageEvent
[2022-05-26 15:42:41][T8YPFbrAlUdkdPRjeCBT0y2TPsrqvZsp] Processing: App\Jobs\SmsJob
[2022-05-26 15:42:49][T8YPFbrAlUdkdPRjeCBT0y2TPsrqvZsp] Processed:  App\Jobs\SmsJob
[2022-05-26 15:42:49][KaJz9BddwanWeX8F5ePAMXTZuPgYYJhI] Processing: App\Events\SmsEvent
[2022-05-26 15:42:49][KaJz9BddwanWeX8F5ePAMXTZuPgYYJhI] Processed:  App\Events\SmsEvent
[2022-05-26 18:27:14][UOkijMomt544TUVurPCeNOMbAr6VNBzo] Processing: App\Events\MessageEvent
[2022-05-26 18:27:16][UOkijMomt544TUVurPCeNOMbAr6VNBzo] Processed:  App\Events\MessageEvent
[2022-05-26 19:25:06][YmThEO7h9vQvCO3jzz90TtJm5NLIrQPA] Processing: App\Events\MessageEvent
[2022-05-26 19:25:08][YmThEO7h9vQvCO3jzz90TtJm5NLIrQPA] Processed:  App\Events\MessageEvent
[2022-05-26 19:29:46][S3lOjIOLU82XRADUcqEgJapaKiTRkQ5w] Processing: App\Events\MessageEvent
[2022-05-26 19:29:47][S3lOjIOLU82XRADUcqEgJapaKiTRkQ5w] Processed:  App\Events\MessageEvent
[2022-05-26 21:20:47][QlJ972ZacpMAyoDTqtTq9yHbe55tOydU] Processing: App\Jobs\SmsJob
[2022-05-26 21:20:50][QlJ972ZacpMAyoDTqtTq9yHbe55tOydU] Processing: App\Jobs\SmsJob
[2022-05-26 21:20:50][QlJ972ZacpMAyoDTqtTq9yHbe55tOydU] Processing: App\Jobs\SmsJob
[2022-05-26 21:20:52][QlJ972ZacpMAyoDTqtTq9yHbe55tOydU] Failed:     App\Jobs\SmsJob
[2022-05-26 21:20:52][iUjDyyZURBhAx519IU4TJb1przwuUjCW] Processing: App\Events\SmsEvent
[2022-05-26 21:20:52][iUjDyyZURBhAx519IU4TJb1przwuUjCW] Processed:  App\Events\SmsEvent
[2022-05-26 21:21:52][45unMHGTdlnzZ2g55hN1umWO8Wz3CfIp] Processing: App\Events\MessageEvent
[2022-05-26 21:21:53][45unMHGTdlnzZ2g55hN1umWO8Wz3CfIp] Processed:  App\Events\MessageEvent
[2022-05-26 21:22:55][9rFAtOFZWWf85pua22O05aNwzUJgnqRo] Processing: App\Events\MessageEvent
[2022-05-26 21:22:56][9rFAtOFZWWf85pua22O05aNwzUJgnqRo] Processed:  App\Events\MessageEvent
[2022-05-26 21:28:05][zunRi3MfwnMg0X85wQynS9KCed00m2eb] Processing: App\Events\MessageEvent
[2022-05-26 21:28:06][zunRi3MfwnMg0X85wQynS9KCed00m2eb] Processed:  App\Events\MessageEvent
